<?xml version="1.0" encoding="UTF-8"?>
<!-- Generated by org.testng.reporters.JUnitReportReporter -->
<testsuite hostname="PisePC" failures="0" tests="1" name="org.guru99test.Day7test" time="6.738" errors="0" timestamp="05 Mar 2021 02:27:36 GMT" skipped="0">
  <testcase classname="org.guru99test.Day7test" name="navigatetoMobile" time="6.738"/>
</testsuite> <!-- org.guru99test.Day7test -->
