<?xml version="1.0" encoding="UTF-8"?>
<!-- Generated by org.testng.reporters.JUnitReportReporter -->
<testsuite hostname="PisePC" failures="0" tests="1" name="org.guru99test.Day2test" time="1.538" errors="0" timestamp="31 Jan 2021 20:05:28 GMT" skipped="0">
  <testcase classname="org.guru99test.Day2test" name="navigatetoMobile" time="1.538"/>
</testsuite> <!-- org.guru99test.Day2test -->
