<?xml version="1.0" encoding="UTF-8"?>
<!-- Generated by org.testng.reporters.JUnitReportReporter -->
<testsuite hostname="PisePC" failures="0" tests="1" name="org.guru99test.Day6test" time="46.635" errors="0" timestamp="28 Feb 2021 19:54:53 GMT" skipped="0">
  <testcase classname="org.guru99test.Day6test" name="navigatetoMobile" time="46.635"/>
</testsuite> <!-- org.guru99test.Day6test -->
