<?xml version="1.0" encoding="UTF-8"?>
<!-- Generated by org.testng.reporters.JUnitReportReporter -->
<testsuite hostname="PisePC" failures="0" tests="1" name="org.guru99test.Day5test" time="4.206" errors="0" timestamp="27 Feb 2021 15:46:20 GMT" skipped="0">
  <testcase classname="org.guru99test.Day5test" name="navigatetoMobile" time="4.206"/>
</testsuite> <!-- org.guru99test.Day5test -->
