<?xml version="1.0" encoding="UTF-8"?>
<!-- Generated by org.testng.reporters.JUnitReportReporter -->
<testsuite hostname="PisePC" failures="0" tests="1" name="org.guru99test.Day8test" time="35.776" errors="0" timestamp="05 Mar 2021 03:01:27 GMT" skipped="0">
  <testcase classname="org.guru99test.Day8test" name="navigatetoMobile" time="35.776"/>
</testsuite> <!-- org.guru99test.Day8test -->
