<?xml version="1.0" encoding="UTF-8"?>
<!-- Generated by org.testng.reporters.JUnitReportReporter -->
<testsuite hostname="PisePC" failures="0" tests="1" name="org.guru99test.Day6test" time="49.041" errors="0" timestamp="06 Mar 2021 21:16:45 GMT" skipped="0">
  <testcase classname="org.guru99test.Day6test" name="navigatetoMobile" time="49.041"/>
</testsuite> <!-- org.guru99test.Day6test -->
