<?xml version="1.0" encoding="UTF-8"?>
<!-- Generated by org.testng.reporters.JUnitReportReporter -->
<testsuite hostname="PisePC" failures="0" tests="1" name="org.guru99test.Day4test" time="3.865" errors="0" timestamp="04 Feb 2021 02:17:38 GMT" skipped="0">
  <testcase classname="org.guru99test.Day4test" name="navigatetoMobile" time="3.865"/>
</testsuite> <!-- org.guru99test.Day4test -->
