<?xml version="1.0" encoding="UTF-8"?>
<!-- Generated by org.testng.reporters.JUnitReportReporter -->
<testsuite hostname="PisePC" failures="0" tests="1" name="org.guru99test.Day3test" time="4.221" errors="0" timestamp="04 Feb 2021 01:36:47 GMT" skipped="0">
  <testcase classname="org.guru99test.Day3test" name="navigatetoMobile" time="4.221"/>
</testsuite> <!-- org.guru99test.Day3test -->
