<?xml version="1.0" encoding="UTF-8"?>
<!-- Generated by org.testng.reporters.JUnitReportReporter -->
<testsuite hostname="PisePC" failures="0" tests="1" name="org.guru99test.Day9test" time="5.782" errors="0" timestamp="10 Mar 2021 02:32:36 GMT" skipped="0">
  <testcase classname="org.guru99test.Day9test" name="navigatetoMobile" time="5.782"/>
</testsuite> <!-- org.guru99test.Day9test -->
